c:\users\tsili\onedrive\documents\courses\infr2350u - intermediate computer graphics\assignments\assignment 1\assignment1\assignment1\intermediate\debug\vc140.pdb
c:\users\tsili\onedrive\documents\courses\infr2350u - intermediate computer graphics\assignments\assignment 1\assignment1\assignment1\intermediate\debug\vc140.idb
c:\users\tsili\onedrive\documents\courses\infr2350u - intermediate computer graphics\assignments\assignment 1\assignment1\assignment1\intermediate\debug\framebufferobject.obj
c:\users\tsili\onedrive\documents\courses\infr2350u - intermediate computer graphics\assignments\assignment 1\assignment1\assignment1\intermediate\debug\gameobject.obj
c:\users\tsili\onedrive\documents\courses\infr2350u - intermediate computer graphics\assignments\assignment 1\assignment1\assignment1\intermediate\debug\main.obj
c:\users\tsili\onedrive\documents\courses\infr2350u - intermediate computer graphics\assignments\assignment 1\assignment1\assignment1\intermediate\debug\shader.obj
c:\users\tsili\onedrive\documents\courses\infr2350u - intermediate computer graphics\assignments\assignment 1\assignment1\assignment1\intermediate\debug\shaderprogram.obj
c:\users\tsili\onedrive\documents\courses\infr2350u - intermediate computer graphics\assignments\assignment 1\assignment1\assignment1\intermediate\debug\io.obj
c:\users\tsili\onedrive\documents\courses\infr2350u - intermediate computer graphics\assignments\assignment 1\assignment1\assignment1\intermediate\debug\meshbase.obj
c:\users\tsili\onedrive\documents\courses\infr2350u - intermediate computer graphics\assignments\assignment 1\assignment1\assignment1\intermediate\debug\objmesh.obj
c:\users\tsili\onedrive\documents\courses\infr2350u - intermediate computer graphics\assignments\assignment 1\assignment1\assignment1\intermediate\debug\texture2d.obj
c:\users\tsili\onedrive\documents\courses\infr2350u - intermediate computer graphics\assignments\assignment 1\assignment1\assignment1\intermediate\debug\vertexbufferobject.obj
c:\users\tsili\onedrive\documents\courses\infr2350u - intermediate computer graphics\assignments\assignment 1\assignment1\bin\debug\assignment1.ilk
c:\users\tsili\onedrive\documents\courses\infr2350u - intermediate computer graphics\assignments\assignment 1\assignment1\bin\debug\assignment1.exe
c:\users\tsili\onedrive\documents\courses\infr2350u - intermediate computer graphics\assignments\assignment 1\assignment1\bin\debug\assignment1.pdb
c:\users\tsili\onedrive\documents\courses\infr2350u - intermediate computer graphics\assignments\assignment 1\assignment1\assignment1\intermediate\debug\assignment1.tlog\cl.command.1.tlog
c:\users\tsili\onedrive\documents\courses\infr2350u - intermediate computer graphics\assignments\assignment 1\assignment1\assignment1\intermediate\debug\assignment1.tlog\cl.read.1.tlog
c:\users\tsili\onedrive\documents\courses\infr2350u - intermediate computer graphics\assignments\assignment 1\assignment1\assignment1\intermediate\debug\assignment1.tlog\cl.write.1.tlog
c:\users\tsili\onedrive\documents\courses\infr2350u - intermediate computer graphics\assignments\assignment 1\assignment1\assignment1\intermediate\debug\assignment1.tlog\link.command.1.tlog
c:\users\tsili\onedrive\documents\courses\infr2350u - intermediate computer graphics\assignments\assignment 1\assignment1\assignment1\intermediate\debug\assignment1.tlog\link.read.1.tlog
c:\users\tsili\onedrive\documents\courses\infr2350u - intermediate computer graphics\assignments\assignment 1\assignment1\assignment1\intermediate\debug\assignment1.tlog\link.write.1.tlog
